[    0.000000] Initializing cgroup subsys cpuset
[    0.000000] Initializing cgroup subsys cpu
[    0.000000] Initializing cgroup subsys cpuacct
[    0.000000] Linux version 4.4.0-210-generic (buildd@lgw01-amd64-009) (gcc version 5.4.0 20160609 (Ubuntu 5.4.0-6ubuntu1~16.04.12) ) #242-Ubuntu SMP Fri Apr 16 09:57:56 UTC 2021 (Ubuntu 4.4.0-210.242-generic 4.4.262)
[    0.000000] Command line: BOOT_IMAGE=/boot/vmlinuz-4.4.0-210-generic root=LABEL=cloudimg-rootfs ro console=tty1 console=ttyS0
[    0.000000] KERNEL supported cpus:
[    0.000000]   Intel GenuineIntel
[    0.000000]   AMD AuthenticAMD
[    0.000000]   Centaur CentaurHauls
[    0.000000] x86/fpu: xstate_offset[2]:  576, xstate_sizes[2]:  256
[    0.000000] x86/fpu: Supporting XSAVE feature 0x01: 'x87 floating point registers'
[    0.000000] x86/fpu: Supporting XSAVE feature 0x02: 'SSE registers'
[    0.000000] x86/fpu: Supporting XSAVE feature 0x04: 'AVX registers'
[    0.000000] x86/fpu: Enabled xstate features 0x7, context size is 832 bytes, using 'standard' format.
[    0.000000] e820: BIOS-provided physical RAM map:
[    0.000000] BIOS-e820: [mem 0x0000000000000000-0x000000000009fbff] usable
[    0.000000] BIOS-e820: [mem 0x000000000009fc00-0x000000000009ffff] reserved
[    0.000000] BIOS-e820: [mem 0x00000000000f0000-0x00000000000fffff] reserved
[    0.000000] BIOS-e820: [mem 0x0000000000100000-0x00000000dffeffff] usable
[    0.000000] BIOS-e820: [mem 0x00000000dfff0000-0x00000000dfffffff] ACPI data
[    0.000000] BIOS-e820: [mem 0x00000000fec00000-0x00000000fec00fff] reserved
[    0.000000] BIOS-e820: [mem 0x00000000fee00000-0x00000000fee00fff] reserved
[    0.000000] BIOS-e820: [mem 0x00000000fffc0000-0x00000000ffffffff] reserved
[    0.000000] BIOS-e820: [mem 0x0000000100000000-0x000000021fffffff] usable
[    0.000000] NX (Execute Disable) protection: active
[    0.000000] SMBIOS 2.5 present.
[    0.000000] Hypervisor detected: KVM
[    0.000000] Kernel/User page tables isolation: disabled
[    0.000000] e820: last_pfn = 0x220000 max_arch_pfn = 0x400000000
[    0.000000] MTRR: Disabled
[    0.000000] x86/PAT: MTRRs disabled, skipping PAT initialization too.
[    0.000000] CPU MTRRs all blank - virtualized system.
[    0.000000] x86/PAT: Configuration [0-7]: WB  WT  UC- UC  WB  WT  UC- UC  
[    0.000000] e820: last_pfn = 0xdfff0 max_arch_pfn = 0x400000000
[    0.000000] found SMP MP-table at [mem 0x0009fff0-0x0009ffff] mapped at [ffff88000009fff0]
[    0.000000] Scanning 1 areas for low memory corruption
[    0.000000] RAMDISK: [mem 0x362dc000-0x37165fff]
[    0.000000] ACPI: Early table checksum verification disabled
[    0.000000] ACPI: RSDP 0x00000000000E0000 000024 (v02 VBOX  )
[    0.000000] ACPI: XSDT 0x00000000DFFF0030 00003C (v01 VBOX   VBOXXSDT 00000001 ASL  00000061)
[    0.000000] ACPI: FACP 0x00000000DFFF00F0 0000F4 (v04 VBOX   VBOXFACP 00000001 ASL  00000061)
[    0.000000] ACPI: DSDT 0x00000000DFFF0480 002325 (v02 VBOX   VBOXBIOS 00000002 INTL 20100528)
[    0.000000] ACPI: FACS 0x00000000DFFF0200 000040
[    0.000000] ACPI: FACS 0x00000000DFFF0200 000040
[    0.000000] ACPI: APIC 0x00000000DFFF0240 00006C (v02 VBOX   VBOXAPIC 00000001 ASL  00000061)
[    0.000000] ACPI: SSDT 0x00000000DFFF02B0 0001CC (v01 VBOX   VBOXCPUT 00000002 INTL 20100528)
[    0.000000] No NUMA configuration found
[    0.000000] Faking a node at [mem 0x0000000000000000-0x000000021fffffff]
[    0.000000] NODE_DATA(0) allocated [mem 0x21fff5000-0x21fff9fff]
[    0.000000] kvm-clock: Using msrs 4b564d01 and 4b564d00
[    0.000000] kvm-clock: cpu 0, msr 2:1ffed001, primary cpu clock
[    0.000000] kvm-clock: using sched offset of 3112065030 cycles
[    0.000000] clocksource: kvm-clock: mask: 0xffffffffffffffff max_cycles: 0x1cd42e4dffb, max_idle_ns: 881590591483 ns
[    0.000000] Zone ranges:
[    0.000000]   DMA      [mem 0x0000000000001000-0x0000000000ffffff]
[    0.000000]   DMA32    [mem 0x0000000001000000-0x00000000ffffffff]
[    0.000000]   Normal   [mem 0x0000000100000000-0x000000021fffffff]
[    0.000000]   Device   empty
[    0.000000] Movable zone start for each node
[    0.000000] Early memory node ranges
[    0.000000]   node   0: [mem 0x0000000000001000-0x000000000009efff]
[    0.000000]   node   0: [mem 0x0000000000100000-0x00000000dffeffff]
[    0.000000]   node   0: [mem 0x0000000100000000-0x000000021fffffff]
[    0.000000] Initmem setup node 0 [mem 0x0000000000001000-0x000000021fffffff]
[    0.000000] ACPI: PM-Timer IO Port: 0x4008
[    0.000000] IOAPIC[0]: apic_id 4, version 32, address 0xfec00000, GSI 0-23
[    0.000000] ACPI: INT_SRC_OVR (bus 0 bus_irq 0 global_irq 2 dfl dfl)
[    0.000000] ACPI: INT_SRC_OVR (bus 0 bus_irq 9 global_irq 9 low level)
[    0.000000] Using ACPI (MADT) for SMP configuration information
[    0.000000] smpboot: Allowing 4 CPUs, 0 hotplug CPUs
[    0.000000] PM: Registered nosave memory: [mem 0x00000000-0x00000fff]
[    0.000000] PM: Registered nosave memory: [mem 0x0009f000-0x0009ffff]
[    0.000000] PM: Registered nosave memory: [mem 0x000a0000-0x000effff]
[    0.000000] PM: Registered nosave memory: [mem 0x000f0000-0x000fffff]
[    0.000000] PM: Registered nosave memory: [mem 0xdfff0000-0xdfffffff]
[    0.000000] PM: Registered nosave memory: [mem 0xe0000000-0xfebfffff]
[    0.000000] PM: Registered nosave memory: [mem 0xfec00000-0xfec00fff]
[    0.000000] PM: Registered nosave memory: [mem 0xfec01000-0xfedfffff]
[    0.000000] PM: Registered nosave memory: [mem 0xfee00000-0xfee00fff]
[    0.000000] PM: Registered nosave memory: [mem 0xfee01000-0xfffbffff]
[    0.000000] PM: Registered nosave memory: [mem 0xfffc0000-0xffffffff]
[    0.000000] e820: [mem 0xe0000000-0xfebfffff] available for PCI devices
[    0.000000] Booting paravirtualized kernel on KVM
[    0.000000] clocksource: refined-jiffies: mask: 0xffffffff max_cycles: 0xffffffff, max_idle_ns: 7645519600211568 ns
[    0.000000] setup_percpu: NR_CPUS:512 nr_cpumask_bits:512 nr_cpu_ids:4 nr_node_ids:1
[    0.000000] PERCPU: Embedded 33 pages/cpu @ffff88021fc00000 s95192 r8192 d31784 u524288
[    0.000000] Built 1 zonelists in Node order, mobility grouping on.  Total pages: 2064248
[    0.000000] Policy zone: Normal
[    0.000000] Kernel command line: BOOT_IMAGE=/boot/vmlinuz-4.4.0-210-generic root=LABEL=cloudimg-rootfs ro console=tty1 console=ttyS0
[    0.000000] PID hash table entries: 4096 (order: 3, 32768 bytes)
[    0.000000] Memory: 8156800K/8388152K available (8644K kernel code, 1332K rwdata, 4044K rodata, 1492K init, 1164K bss, 231352K reserved, 0K cma-reserved)
[    0.000000] SLUB: HWalign=64, Order=0-3, MinObjects=0, CPUs=4, Nodes=1
[    0.000000] Hierarchical RCU implementation.
[    0.000000] 	Build-time adjustment of leaf fanout to 64.
[    0.000000] 	RCU restricting CPUs from NR_CPUS=512 to nr_cpu_ids=4.
[    0.000000] RCU: Adjusting geometry for rcu_fanout_leaf=64, nr_cpu_ids=4
[    0.000000] NR_IRQS:33024 nr_irqs:456 16
[    0.000000] Console: colour VGA+ 80x25
[    0.000000] console [tty1] enabled
[    0.000000] console [ttyS0] enabled
[    0.000000] tsc: Detected 2711.996 MHz processor
[    0.158116] Calibrating delay loop (skipped) preset value.. 5423.99 BogoMIPS (lpj=10847984)
[    0.159381] pid_max: default: 32768 minimum: 301
[    0.160074] ACPI: Core revision 20150930
[    0.161296] ACPI: 2 ACPI AML tables successfully acquired and loaded
[    0.162383] Security Framework initialized
[    0.162966] Yama: becoming mindful.
[    0.163585] AppArmor: AppArmor initialized
[    0.164658] Dentry cache hash table entries: 1048576 (order: 11, 8388608 bytes)
[    0.167851] Inode-cache hash table entries: 524288 (order: 10, 4194304 bytes)
[    0.169746] Mount-cache hash table entries: 16384 (order: 5, 131072 bytes)
[    0.171212] Mountpoint-cache hash table entries: 16384 (order: 5, 131072 bytes)
[    0.172607] Initializing cgroup subsys io
[    0.173179] Initializing cgroup subsys memory
[    0.173789] Initializing cgroup subsys devices
[    0.174460] Initializing cgroup subsys freezer
[    0.175116] Initializing cgroup subsys net_cls
[    0.175721] Initializing cgroup subsys perf_event
[    0.176478] Initializing cgroup subsys net_prio
[    0.177121] Initializing cgroup subsys hugetlb
[    0.177749] Initializing cgroup subsys pids
[    0.179289] mce: CPU supports 0 MCE banks
[    0.180078] Last level iTLB entries: 4KB 64, 2MB 8, 4MB 8
[    0.181002] Last level dTLB entries: 4KB 64, 2MB 0, 4MB 0, 1GB 4
[    0.181952] Spectre V1 : Mitigation: usercopy/swapgs barriers and __user pointer sanitization
[    0.183758] Spectre V2 : Mitigation: Full generic retpoline
[    0.184530] Spectre V2 : Spectre v2 / SpectreRSB mitigation: Filling RSB on context switch
[    0.185697] Speculative Store Bypass: Vulnerable
[    0.188384] Freeing SMP alternatives memory: 36K
[    0.193626] ftrace: allocating 32380 entries in 127 pages
[    0.237195] smpboot: APIC(0) Converting physical 0 to logical package 0
[    0.238198] smpboot: Max logical packages: 1
[    0.239281] x2apic enabled
[    0.239951] Switched APIC routing to physical x2apic.
[    0.241515] ..TIMER: vector=0x30 apic1=0 pin1=2 apic2=-1 pin2=-1
[    0.350420] smpboot: CPU0: Intel(R) Core(TM) i7-10850H CPU @ 2.70GHz (family: 0x6, model: 0xa5, stepping: 0x2)
[    0.352067] Performance Events: unsupported p6 CPU model 165 no PMU driver, software events only.
[    0.359080] KVM setup paravirtual spinlock
[    0.360582] x86: Booting SMP configuration:
[    0.361246] .... node  #0, CPUs:      #1
[    0.362063] kvm-clock: cpu 1, msr 2:1ffed041, secondary cpu clock
[    0.363596] mce: CPU supports 0 MCE banks
[    0.366050]  #2
[    0.366473] kvm-clock: cpu 2, msr 2:1ffed081, secondary cpu clock
[    0.368053] mce: CPU supports 0 MCE banks
[    0.370523]  #3
[    0.370912] kvm-clock: cpu 3, msr 2:1ffed0c1, secondary cpu clock
[    0.372737] mce: CPU supports 0 MCE banks
[    0.375160] x86: Booted up 1 node, 4 CPUs
[    0.375962] smpboot: Total of 4 processors activated (21695.96 BogoMIPS)
[    0.377082] devtmpfs: initialized
[    0.379322] evm: security.selinux
[    0.379858] evm: security.SMACK64
[    0.380376] evm: security.SMACK64EXEC
[    0.380947] evm: security.SMACK64TRANSMUTE
[    0.381555] evm: security.SMACK64MMAP
[    0.382182] evm: security.ima
[    0.382747] evm: security.capability
[    0.383480] clocksource: jiffies: mask: 0xffffffff max_cycles: 0xffffffff, max_idle_ns: 7645041785100000 ns
[    0.384787] futex hash table entries: 1024 (order: 4, 65536 bytes)
[    0.385711] pinctrl core: initialized pinctrl subsystem
[    0.386521] RTC time:  7:51:35, date: 09/09/22
[    0.387413] NET: Registered protocol family 16
[    0.402877] cpuidle: using governor ladder
[    0.419789] cpuidle: using governor menu
[    0.422643] PCCT header not found.
[    0.425253] ACPI: bus type PCI registered
[    0.427771] acpiphp: ACPI Hot Plug PCI Controller Driver version: 0.5
[    0.430766] PCI: Using configuration type 1 for base access
[    0.446935] ACPI: Added _OSI(Module Device)
[    0.447558] ACPI: Added _OSI(Processor Device)
[    0.448212] ACPI: Added _OSI(3.0 _SCP Extensions)
[    0.448962] ACPI: Added _OSI(Processor Aggregator Device)
[    0.450251] ACPI: Executed 1 blocks of module-level executable AML code
[    0.452938] ACPI: Interpreter enabled
[    0.453591] ACPI: (supports S0 S5)
[    0.454225] ACPI: Using IOAPIC for interrupt routing
[    0.455133] PCI: Using host bridge windows from ACPI; if necessary, use "pci=nocrs" and report a bug
[    0.458947] ACPI: PCI Root Bridge [PCI0] (domain 0000 [bus 00-ff])
[    0.459746] acpi PNP0A03:00: _OSC: OS supports [ASPM ClockPM Segments MSI]
[    0.460798] acpi PNP0A03:00: _OSC: not requesting OS control; OS requires [ExtendedConfig ASPM ClockPM MSI]
[    0.462093] acpi PNP0A03:00: fail to add MMCONFIG information, can't access extended PCI configuration space under this bridge.
[    0.463840] PCI host bridge to bus 0000:00
[    0.471416] pci_bus 0000:00: root bus resource [io  0x0000-0x0cf7 window]
[    0.472714] pci_bus 0000:00: root bus resource [io  0x0d00-0xffff window]
[    0.473566] pci_bus 0000:00: root bus resource [mem 0x000a0000-0x000bffff window]
[    0.474830] pci_bus 0000:00: root bus resource [mem 0xe0000000-0xfdffffff window]
[    0.475916] pci_bus 0000:00: root bus resource [bus 00-ff]
[    0.477785] pci 0000:00:01.1: legacy IDE quirk: reg 0x10: [io  0x01f0-0x01f7]
[    0.478693] pci 0000:00:01.1: legacy IDE quirk: reg 0x14: [io  0x03f6]
[    0.479526] pci 0000:00:01.1: legacy IDE quirk: reg 0x18: [io  0x0170-0x0177]
[    0.480394] pci 0000:00:01.1: legacy IDE quirk: reg 0x1c: [io  0x0376]
[    0.557749] pci 0000:00:07.0: quirk: [io  0x4000-0x403f] claimed by PIIX4 ACPI
[    0.559027] pci 0000:00:07.0: quirk: [io  0x4100-0x410f] claimed by PIIX4 SMB
[    0.583233] ACPI: PCI Interrupt Link [LNKA] (IRQs 5 9 10 *11)
[    0.584750] ACPI: PCI Interrupt Link [LNKB] (IRQs 5 9 *10 11)
[    0.586118] ACPI: PCI Interrupt Link [LNKC] (IRQs 5 *9 10 11)
[    0.587310] ACPI: PCI Interrupt Link [LNKD] (IRQs 5 9 10 *11)
[    0.588614] ACPI: Enabled 2 GPEs in block 00 to 07
[    0.589634] vgaarb: setting as boot device: PCI:0000:00:02.0
[    0.590354] vgaarb: device added: PCI:0000:00:02.0,decodes=io+mem,owns=io+mem,locks=none
[    0.591522] vgaarb: loaded
[    0.591986] vgaarb: bridge control possible 0000:00:02.0
[    0.592809] SCSI subsystem initialized
[    0.593584] ACPI: bus type USB registered
[    0.594204] usbcore: registered new interface driver usbfs
[    0.594945] usbcore: registered new interface driver hub
[    0.595677] usbcore: registered new device driver usb
[    0.596541] PCI: Using ACPI for IRQ routing
[    0.597317] NetLabel: Initializing
[    0.597836] NetLabel:  domain hash size = 128
[    0.598467] NetLabel:  protocols = UNLABELED CIPSOv4
[    0.599183] NetLabel:  unlabeled traffic allowed by default
[    0.599993] amd_nb: Cannot enumerate AMD northbridges
[    0.600725] clocksource: Switched to clocksource kvm-clock
[    0.605634] AppArmor: AppArmor Filesystem Enabled
[    0.606325] pnp: PnP ACPI init
[    0.607303] pnp: PnP ACPI: found 3 devices
[    0.615547] clocksource: acpi_pm: mask: 0xffffff max_cycles: 0xffffff, max_idle_ns: 2085701024 ns
[    0.616766] NET: Registered protocol family 2
[    0.617540] TCP established hash table entries: 65536 (order: 7, 524288 bytes)
[    0.618608] TCP bind hash table entries: 65536 (order: 8, 1048576 bytes)
[    0.619676] TCP: Hash tables configured (established 65536 bind 65536)
[    0.620568] UDP hash table entries: 4096 (order: 5, 131072 bytes)
[    0.621405] UDP-Lite hash table entries: 4096 (order: 5, 131072 bytes)
[    0.622540] NET: Registered protocol family 1
[    0.623200] pci 0000:00:00.0: Limiting direct PCI/PCI transfers
[    0.624033] pci 0000:00:01.0: Activating ISA DMA hang workarounds
[    0.624959] Unpacking initramfs...
[    0.769122] Freeing initrd memory: 14888K
[    0.769824] PCI-DMA: Using software bounce buffering for IO (SWIOTLB)
[    0.770652] software IO TLB: mapped [mem 0xdbff0000-0xdfff0000] (64MB)
[    0.771493] clocksource: tsc: mask: 0xffffffffffffffff max_cycles: 0x271782d3887, max_idle_ns: 440795314643 ns
[    0.773409] platform rtc_cmos: registered platform RTC device (no PNP device found)
[    0.774523] Scanning for low memory corruption every 60 seconds
[    0.775760] audit: initializing netlink subsys (disabled)
[    0.776503] audit: type=2000 audit(1662709900.636:1): initialized
[    0.777625] Initialise system trusted keyring
[    0.778450] HugeTLB registered 2 MB page size, pre-allocated 0 pages
[    0.780076] zbud: loaded
[    0.780864] VFS: Disk quotas dquot_6.6.0
[    0.781482] VFS: Dquot-cache hash table entries: 512 (order 0, 4096 bytes)
[    0.782488] squashfs: version 4.0 (2009/01/31) Phillip Lougher
[    0.783589] fuse init (API version 7.23)
[    0.784318] Key type big_key registered
[    0.784921] Allocating IMA MOK and blacklist keyrings.
[    0.787864] Key type asymmetric registered
[    0.788591] Asymmetric key parser 'x509' registered
[    0.789411] Block layer SCSI generic (bsg) driver version 0.4 loaded (major 249)
[    0.790481] io scheduler noop registered
[    0.791071] io scheduler deadline registered (default)
[    0.791766] io scheduler cfq registered
[    0.792416] pci_hotplug: PCI Hot Plug PCI Core version: 0.5
[    0.793279] pciehp: PCI Express Hot Plug Controller Driver version: 0.4
[    0.794139] ACPI: AC Adapter [AC] (on-line)
[    0.794746] input: Power Button as /devices/LNXSYSTM:00/LNXPWRBN:00/input/input0
[    0.795928] ACPI: Power Button [PWRF]
[    0.796488] input: Sleep Button as /devices/LNXSYSTM:00/LNXSLPBN:00/input/input1
[    0.797805] ACPI: Sleep Button [SLPF]
[    0.798562] GHES: HEST is not enabled!
[    0.799025] ACPI: Battery Slot [BAT0] (battery present)
[    0.799976] Serial: 8250/16550 driver, 32 ports, IRQ sharing enabled
[    0.821179] 00:02: ttyS0 at I/O 0x3f8 (irq = 4, base_baud = 115200) is a 16550A
[    0.824533] Linux agpgart interface v0.103
[    0.826813] loop: module loaded
[    0.827793] scsi host0: ata_piix
[    0.828449] scsi host1: ata_piix
[    0.829115] ata1: PATA max UDMA/33 cmd 0x1f0 ctl 0x3f6 bmdma 0xd000 irq 14
[    0.830028] ata2: PATA max UDMA/33 cmd 0x170 ctl 0x376 bmdma 0xd008 irq 15
[    0.830971] libphy: Fixed MDIO Bus: probed
[    0.831629] tun: Universal TUN/TAP device driver, 1.6
[    0.832326] tun: (C) 1999-2004 Max Krasnyansky <maxk@qualcomm.com>
[    0.833180] PPP generic driver version 2.4.2
[    0.833853] ehci_hcd: USB 2.0 'Enhanced' Host Controller (EHCI) Driver
[    0.834646] ehci-pci: EHCI PCI platform driver
[    0.835251] ehci-platform: EHCI generic platform driver
[    0.835977] ohci_hcd: USB 1.1 'Open' Host Controller (OHCI) Driver
[    0.836743] ohci-pci: OHCI PCI platform driver
[    0.837392] ohci-platform: OHCI generic platform driver
[    0.838127] uhci_hcd: USB Universal Host Controller Interface driver
[    0.839122] i8042: PNP: PS/2 Controller [PNP0303:PS2K,PNP0f03:PS2M] at 0x60,0x64 irq 1,12
[    0.840626] serio: i8042 KBD port at 0x60,0x64 irq 1
[    0.841334] serio: i8042 AUX port at 0x60,0x64 irq 12
[    0.842215] mousedev: PS/2 mouse device common for all mice
[    0.843347] input: AT Translated Set 2 keyboard as /devices/platform/i8042/serio0/input/input2
[    0.844820] rtc_cmos rtc_cmos: rtc core: registered rtc_cmos as rtc0
[    0.845701] rtc_cmos rtc_cmos: alarms up to one day, 114 bytes nvram
[    0.846548] i2c /dev entries driver
[    0.847103] device-mapper: uevent: version 1.0.3
[    0.847793] device-mapper: ioctl: 4.34.0-ioctl (2015-10-28) initialised: dm-devel@redhat.com
[    0.848935] ledtrig-cpu: registered to indicate activity on CPUs
[    0.850123] NET: Registered protocol family 10
[    0.850862] NET: Registered protocol family 17
[    0.851512] Key type dns_resolver registered
[    0.852550] registered taskstats version 1
[    0.853191] Loading compiled-in X.509 certificates
[    0.854211] Loaded X.509 cert 'Build time autogenerated kernel key: cf00e047681d67edb2720680708b7d9498083038'
[    0.855671] zswap: loaded using pool lzo/zbud
[    0.857579] Key type trusted registered
[    0.859896] Key type encrypted registered
[    0.860458] AppArmor: AppArmor sha1 policy hashing enabled
[    0.861278] ima: No TPM chip found, activating TPM-bypass!
[    0.861994] ima: Allocated hash algorithm: sha1
[    0.862831] evm: HMAC attrs: 0x1
[    0.863526]   Magic number: 6:773:874
[    0.864213] rtc_cmos rtc_cmos: setting system clock to 2022-09-09 07:51:35 UTC (1662709895)
[    0.865575] BIOS EDD facility v0.16 2004-Jun-25, 0 devices found
[    0.866296] EDD information not available.
[    1.010280] Freeing unused kernel memory: 1492K
[    1.010954] Write protecting the kernel read-only data: 14336k
[    1.012208] Freeing unused kernel memory: 1584K
[    1.013002] Freeing unused kernel memory: 52K
Loading, please wait...
starting version 229
[    1.020989] random: systemd-udevd: uninitialized urandom read (16 bytes read, 1 bits of entropy available)
[    1.021298] random: udevadm: uninitialized urandom read (16 bytes read, 1 bits of entropy available)
[    1.021308] random: udevadm: uninitialized urandom read (16 bytes read, 1 bits of entropy available)
[    1.025564] random: systemd-udevd: uninitialized urandom read (16 bytes read, 1 bits of entropy available)
[    1.025863] random: udevadm: uninitialized urandom read (16 bytes read, 1 bits of entropy available)
[    1.025886] random: udevadm: uninitialized urandom read (16 bytes read, 1 bits of entropy available)
[    1.026009] random: udevadm: uninitialized urandom read (16 bytes read, 1 bits of entropy available)
[    1.026034] random: udevadm: uninitialized urandom read (16 bytes read, 1 bits of entropy available)
[    1.026057] random: udevadm: uninitialized urandom read (16 bytes read, 1 bits of entropy available)
[    1.026080] random: udevadm: uninitialized urandom read (16 bytes read, 1 bits of entropy available)
[    1.045865] Fusion MPT base driver 3.04.20
[    1.046585] Copyright (c) 1999-2008 LSI Corporation
[    1.049068] e1000: Intel(R) PRO/1000 Network Driver - version 7.3.21-k8-NAPI
[    1.050174] e1000: Copyright (c) 1999-2006 Intel Corporation.
[    1.057187] Fusion MPT SPI Host driver 3.04.20
[    1.059426] AVX2 version of gcm_enc/dec engaged.
[    1.060129] AES CTR mode by8 optimization enabled
[    1.255666] input: ImExPS/2 Generic Explorer Mouse as /devices/platform/i8042/serio1/input/input4
[    1.402691] e1000 0000:00:03.0 eth0: (PCI:33MHz:32-bit) 02:be:82:6b:cc:1d
[    1.404507] e1000 0000:00:03.0 eth0: Intel(R) PRO/1000 Network Connection
[    1.407434] e1000 0000:00:03.0 enp0s3: renamed from eth0
[    1.407510] mptbase: ioc0: Initiating bringup
[    1.891036] ioc0: LSI53C1030 A0: Capabilities={Initiator}
[    3.907579] scsi host2: ioc0: LSI53C1030 A0, FwRev=00000000h, Ports=1, MaxQ=256, IRQ=20
[    4.695723] scsi 2:0:0:0: Direct-Access     VBOX     HARDDISK         1.0  PQ: 0 ANSI: 5
[    4.702054] scsi target2:0:0: Beginning Domain Validation
[    4.709006] scsi target2:0:0: Domain Validation skipping write tests
[    4.709976] scsi target2:0:0: Ending Domain Validation
[    4.710832] scsi target2:0:0: asynchronous
[    4.711867] scsi 2:0:1:0: Direct-Access     VBOX     HARDDISK         1.0  PQ: 0 ANSI: 5
[    4.713141] scsi target2:0:1: Beginning Domain Validation
[    4.714473] scsi target2:0:1: Domain Validation skipping write tests
[    4.715343] scsi target2:0:1: Ending Domain Validation
[    4.716115] scsi target2:0:1: asynchronous
[    4.721366] sd 2:0:0:0: Attached scsi generic sg0 type 0
[    4.722321] sd 2:0:0:0: [sda] 83886080 512-byte logical blocks: (42.9 GB/40.0 GiB)
[    4.723579] sd 2:0:0:0: [sda] Write Protect is off
[    4.724362] sd 2:0:1:0: Attached scsi generic sg1 type 0
[    4.725389] sd 2:0:0:0: [sda] Incomplete mode parameter data
[    4.726203] sd 2:0:0:0: [sda] Assuming drive cache: write through
[    4.726998] sd 2:0:1:0: [sdb] 20480 512-byte logical blocks: (10.5 MB/10.0 MiB)
[    4.728343] sd 2:0:1:0: [sdb] Write Protect is off
[    4.729214] sd 2:0:1:0: [sdb] Incomplete mode parameter data
[    4.730039] sd 2:0:1:0: [sdb] Assuming drive cache: write through
[    4.731609]  sda: sda1
[    4.732650] sd 2:0:0:0: [sda] Attached SCSI disk
[    4.733688] sd 2:0:1:0: [sdb] Attached SCSI disk
Begin: Loading essential drivers ... [    5.976878] md: linear personality registered for level -1
[    5.979461] md: multipath personality registered for level -4
[    5.981963] md: raid0 personality registered for level 0
[    5.984985] md: raid1 personality registered for level 1
[    6.052812] raid6: sse2x1   gen() 13937 MB/s
[    6.120790] raid6: sse2x1   xor()  9324 MB/s
[    6.188852] raid6: sse2x2   gen() 18107 MB/s
[    6.256827] raid6: sse2x2   xor() 12701 MB/s
[    6.324813] raid6: sse2x4   gen() 20772 MB/s
[    6.392831] raid6: sse2x4   xor() 12830 MB/s
[    6.460812] raid6: avx2x1   gen() 25156 MB/s
[    6.528813] raid6: avx2x2   gen() 34754 MB/s
[    6.596826] raid6: avx2x4   gen() 36321 MB/s
[    6.597541] raid6: using algorithm avx2x4 gen() 36321 MB/s
[    6.598458] raid6: using avx2x2 recovery algorithm
[    6.600156] xor: automatically using best checksumming function:
[    6.640760]    avx       : 29779.000 MB/sec
[    6.642218] async_tx: api initialized (async)
[    6.648945] md: raid6 personality registered for level 6
[    6.649753] md: raid5 personality registered for level 5
[    6.650559] md: raid4 personality registered for level 4
[    6.655366] md: raid10 personality registered for level 10
done.
Begin: Running /scripts/init-premount ... done.
Begin: Mounting root file system ... Begin: Running /scripts/local-top ... done.
Begin: Running /scripts/local-premount ... [    6.674714] Btrfs loaded
Scanning for Btrfs filesystems
done.
Warning: fsck not present, so skipping root file system
[    6.692085] EXT4-fs (sda1): mounted filesystem with ordered data mode. Opts: (null)
done.
Begin: Running /scripts/local-bottom ... done.
Begin: Running /scripts/init-bottom ... done.
[    6.754243] systemd[1]: systemd 229 running in system mode. (+PAM +AUDIT +SELINUX +IMA +APPARMOR +SMACK +SYSVINIT +UTMP +LIBCRYPTSETUP +GCRYPT +GNUTLS +ACL +XZ -LZ4 +SECCOMP +BLKID +ELFUTILS +KMOD -IDN)
[    6.756833] systemd[1]: Detected virtualization oracle.
[    6.757656] systemd[1]: Detected architecture x86-64.

Welcome to [1mUbuntu 16.04.7 LTS[0m!

[    6.759989] systemd[1]: Set hostname to <ubuntu>.
[    6.762136] systemd[1]: Initializing machine ID from random generator.
[    6.763068] systemd[1]: Installed transient /etc/machine-id file.
[    6.958272] systemd[1]: Listening on /dev/initctl Compatibility Named Pipe.
[[0;32m  OK  [0m] Listening on /dev/initctl Compatibility Named Pipe.
[    6.959812] systemd[1]: Set up automount Arbitrary Executable File Formats File System Automount Point.
[[0;32m  OK  [0m] Set up automount Arbitrary Executab...ats File System Automount Point.
[    6.969121] systemd[1]: Listening on LVM2 metadata daemon socket.
[[0;32m  OK  [0m] Listening on LVM2 metadata daemon socket.
[    7.274540] systemd[1]: Created slice System Slice.
[[0;32m  OK  [0m] Created slice System Slice.
[    7.278981] systemd[1]: Created slice system-serial\x2dgetty.slice.
[[0;32m  OK  [0m] Created slice system-serial\x2dgetty.slice.
[    7.280669] systemd[1]: Listening on Device-mapper event daemon FIFOs.
[[0;32m  OK  [0m] Listening on Device-mapper event daemon FIFOs.
[    7.282434] systemd[1]: Listening on udev Control Socket.
[[0;32m  OK  [0m] Listening on udev Control Socket.
[    7.284083] systemd[1]: Created slice User and Session Slice.
[[0;32m  OK  [0m] Created slice User and Session Slice.
[    7.879652] systemd[1]: Listening on Syslog Socket.
[[0;32m  OK  [0m] Listening on Syslog Socket.
[    7.884345] systemd[1]: Listening on Journal Socket (/dev/log).
[[0;32m  OK  [0m] Listening on Journal Socket (/dev/log).
[    7.910696] systemd[1]: Started Trigger resolvconf update for networkd DNS.
[[0;32m  OK  [0m] Started Trigger resolvconf update for networkd DNS.
[    7.913512] systemd[1]: Reached target Encrypted Volumes.
[[0;32m  OK  [0m] Reached target Encrypted Volumes.
[    7.915387] systemd[1]: Reached target Swap.
[[0;32m  OK  [0m] Reached target Swap.
[    7.917104] systemd[1]: Listening on udev Kernel Socket.
[[0;32m  OK  [0m] Listening on udev Kernel Socket.
[    7.965806] systemd[1]: Reached target User and Group Name Lookups.
[[0;32m  OK  [0m] Reached target User and Group Name Lookups.
[    7.971103] systemd[1]: Listening on Journal Audit Socket.
[[0;32m  OK  [0m] Listening on Journal Audit Socket.
[    8.238395] systemd[1]: Started Forward Password Requests to Wall Directory Watch.
[[0;32m  OK  [0m] Started Forward Password Requests to Wall Directory Watch.
[    8.300351] systemd[1]: Listening on Journal Socket.
[[0;32m  OK  [0m] Listening on Journal Socket.
[    8.394740] systemd[1]: Starting Create list of required static device nodes for the current kernel...
         Starting Create list of required st... nodes for the current kernel...
[    8.411332] systemd[1]: Starting Monitoring of LVM2 mirrors, snapshots etc. using dmeventd or progress polling...
         Starting Monitoring of LVM2 mirrors... dmeventd or progress polling...
[    8.418461] systemd[1]: Starting Nameserver information manager...
         Starting Nameserver information manager...
[    8.425269] systemd[1]: Mounting Debug File System...
         Mounting Debug File System...
[    8.426716] systemd[1]: Mounting POSIX Message Queue File System...
         Mounting POSIX Message Queue File System...
[    8.433994] systemd[1]: Mounting Huge Pages File System...
         Mounting Huge Pages File System...
[    8.436507] systemd[1]: Starting Load Kernel Modules...
         Starting Load Kernel Modules...
[    8.438299] systemd[1]: Starting Uncomplicated firewall...
         Starting Uncomplicated firewall...
[    8.440572] systemd[1]: Starting Journal Service...
         Starting Journal Service...
[    8.441775] systemd[1]: Reached target Slices.
[[0;32m  OK  [0m] Reached target Slices.
[    8.443165] Loading iSCSI transport class v2.0-870.
[    8.443309] systemd[1]: Starting Set console keymap...
         Starting Set console keymap...
[    8.445284] systemd[1]: Reached target System Time Synchronized.
[[0;32m  OK  [0m] Reached target System Time Synchronized.
[    8.448980] iscsi: registered transport (tcp)
[    8.452887] systemd[1]: Listening on LVM2 poll daemon socket.
[[0;32m  OK  [0m] Listening on LVM2 poll daemon socket.
[    8.454351] systemd[1]: Listening on fsck to fsckd communication Socket.
[[0;32m  OK  [0m] Listening on fsck to fsckd communication Socket.
[    8.461168] systemd[1]: Starting File System Check on Root Device...
         Starting File System Check on Root Device...
[    8.466384] iscsi: registered transport (iser)
[    8.469695] systemd[1]: Mounted Huge Pages File System.
[[0;32m  OK  [0m] Mounted Huge Pages File System.
[    8.477653] systemd[1]: Mounted POSIX Message Queue File System.
[[0;32m  OK  [0m] Mounted POSIX Message Queue File System.
[    8.489057] systemd[1]: Mounted Debug File System.
[[0;32m  OK  [0m] Mounted Debug File System.
[    8.501534] systemd[1]: Started Journal Service.
[[0;32m  OK  [0m] Started Journal Service.
[[0;32m  OK  [0m] Started Create list of required sta...ce nodes for the current kernel.
[[0;32m  OK  [0m] Started Load Kernel Modules.
[[0;32m  OK  [0m] Started Uncomplicated firewall.
[[0;32m  OK  [0m] Started Set console keymap.
[[0;32m  OK  [0m] Started File System Check on Root Device.
[[0;32m  OK  [0m] Started Nameserver information manager.
[[0;32m  OK  [0m] Started File System Check Daemon to report status.
[[0;32m  OK  [0m] Started LVM2 metadata daemon.
         Starting Remount Root and Kernel File Systems...
         Mounting FUSE Control File System...
[    8.552025] EXT4-fs (sda1): re-mounted. Opts: (null)
         Starting Apply Kernel Variables...
         Starting Create Static Device Nodes in /dev...
[[0;32m  OK  [0m] Mounted FUSE Control File System.
[[0;32m  OK  [0m] Started Remount Root and Kernel File Systems.
[[0;32m  OK  [0m] Started Apply Kernel Variables.
[[0;32m  OK  [0m] Started Create Static Device Nodes in /dev.
         Starting udev Kernel Device Manager...
         Starting Flush Journal to Persistent Storage...
         Starting udev Coldplug all Devices...
         Starting Load/Save Random Seed...
[[0;32m  OK  [0m] Started udev Kernel Device Manager.
[[0;32m  OK  [0m] Started Flush Journal to Persistent Storage.
[[0;32m  OK  [0m] Started Load/Save Random Seed.
[[0;32m  OK  [0m] Started udev Coldplug all Devices.
[[0;32m  OK  [0m] Started Dispatch Password Requests to Console Directory Watch.
[[0;32m  OK  [0m] Found device /dev/ttyS0.
[[0;32m  OK  [0m] Listening on Load/Save RF Kill Switch Status /dev/rfkill Watch.
[[0;32m  OK  [0m] Started Monitoring of LVM2 mirrors,...ng dmeventd or progress polling.
[[0;32m  OK  [0m] Reached target Local File Systems (Pre).
[[0;32m  OK  [0m] Reached target Local File Systems.
         Starting Create Volatile Files and Directories...
         Starting Set console font and keymap...
         Starting Commit a transient machine-id on disk...
         Starting Tell Plymouth To Write Out Runtime Data...
         Starting Initial cloud-init job (pre-networking)...
         Starting LSB: AppArmor initialization...
[[0;32m  OK  [0m] Started Create Volatile Files and Directories.
[[0;32m  OK  [0m] Started Commit a transient machine-id on disk.
[[0;32m  OK  [0m] Started Tell Plymouth To Write Out Runtime Data.
         Starting Update UTMP about System Boot/Shutdown...
[[0;32m  OK  [0m] Started Update UTMP about System Boot/Shutdown.
[[0;32m  OK  [0m] Started Set console font and keymap.
[[0;32m  OK  [0m] Created slice system-getty.slice.
[[0;32m  OK  [0m] Started LSB: AppArmor initialization.
         Starting Load AppArmor profiles managed internally by snapd...
[[0;32m  OK  [0m] Started Load AppArmor profiles managed internally by snapd.
[    9.493447] cloud-init[688]: Cloud-init v. 21.1-19-gbad84ad4-0ubuntu1~16.04.2 running 'init-local' at Fri, 09 Sep 2022 07:51:44 +0000. Up 9.35 seconds.
[[0;32m  OK  [0m] Started Initial cloud-init job (pre-networking).
[[0;32m  OK  [0m] Reached target Network (Pre).
         Starting Raise network interfaces...
[[0;32m  OK  [0m] Started Raise network interfaces.
         Starting Initial cloud-init job (metadata service crawler)...
[[0;32m  OK  [0m] Reached target Network.
[   10.100249] cloud-init[990]: Cloud-init v. 21.1-19-gbad84ad4-0ubuntu1~16.04.2 running 'init' at Fri, 09 Sep 2022 07:51:44 +0000. Up 9.83 seconds.
[   10.101225] cloud-init[990]: ci-info: ++++++++++++++++++++++++++++++++++++++Net device info++++++++++++++++++++++++++++++++++++++
[   10.112247] cloud-init[990]: ci-info: +--------+------+----------------------------+---------------+--------+-------------------+
[   10.113072] cloud-init[990]: ci-info: | Device |  Up  |          Address           |      Mask     | Scope  |     Hw-Address    |
[   10.124945] [cloud-init[0;32m  OK  [0m[990]: ] ci-info: +--------+------+----------------------------+---------------+--------+-------------------+Started Initial cloud-init job (metadata service crawler).

[   10.125154] cloud-init[990]: ci-info: | enp0s3 | True |         10.0.2.15          | 255.255.255.0 | global | 02:be:82:6b:cc:1d |
[[0;32m  OK  [0m] Reached target System Initialization.
[   10.126281] [cloud-init[0;32m  OK  [0m[990]: ] ci-info: | enp0s3 | True | fe80::be:82ff:fe6b:cc1d/64 |       .       |  link  | 02:be:82:6b:cc:1d |Started Daily Cleanup of Temporary Directories.

[   10.133137] [cloud-init[0;32m  OK  [0m[990]: ] ci-info: |   lo   | True |         127.0.0.1          |   255.0.0.0   |  host  |         .         |Started Ubuntu Advantage update messaging.

[   10.141536] cloud-init[990]: ci-info: |   lo   | True |          ::1/128           |       .       |  host  |         .         |
[   10.147075]          cloud-initStarting LXD - unix socket.[990]: 
ci-info: +--------+------+----------------------------+---------------+--------+-------------------+
[   10.149514] [cloud-init[0;32m  OK  [0m[990]: ] ci-info: +++++++++++++++++++++++++++Route IPv4 info++++++++++++++++++++++++++++Listening on D-Bus System Message Bus Socket.

[[   10.149887] [0;32m  OK  [0mcloud-init] [990]: Listening on ACPID Listen Socket.ci-info: +-------+-------------+----------+---------------+-----------+-------+

[   10.165205] [cloud-init[0;32m  OK  [0m[990]: ] ci-info: | Route | Destination | Gateway  |    Genmask    | Interface | Flags |Started Daily apt download activities.

[   10.165498] cloud-init[990]: ci-info: +-------+-------------+----------+---------------+-----------+-------+
[   10.177013] [cloud-init[0;32m  OK  [0m[990]: ] ci-info: |   0   |   0.0.0.0   | 10.0.2.2 |    0.0.0.0    |   enp0s3  |   UG  |Started ACPI Events Check.

[[   10.177369] [0;32m  OK  [0mcloud-init] [990]: Reached target Paths.ci-info: |   1   |   10.0.2.0  | 0.0.0.0  | 255.255.255.0 |   enp0s3  |   U   |

[   10.185208] [cloud-init[0;32m  OK  [0m[990]: ] ci-info: +-------+-------------+----------+---------------+-----------+-------+Listening on UUID daemon activation socket.

         [   10.185602] Starting Socket activation for snappy daemon.cloud-init
[990]: ci-info: +++++++++++++++++++Route IPv6 info+++++++++++++++++++
[   10.200426] [cloud-init[0;32m  OK  [0m[990]: ] ci-info: +-------+-------------+---------+-----------+-------+Started Daily apt upgrade and clean activities.

[   10.200730] cloud-init[990]: ci-info: | Route | Destination | Gateway | Interface | Flags |
[   10.208267] [cloud-init[0;32m  OK  [0m[990]: ] ci-info: +-------+-------------+---------+-----------+-------+Started Message of the Day.

[[   10.208571] [0;32m  OK  [0mcloud-init] [990]: Reached target Timers.ci-info: |   0   |  fe80::/64  |    ::   |   enp0s3  |   U   |

[   10.211170] [cloud-init[0;32m  OK  [0m[990]: ] ci-info: |   3   |   ff00::/8  |    ::   |   enp0s3  |   U   |Reached target Cloud-config availability.

[[   10.211489] [0;32m  OK  [0mcloud-init] [990]: Reached target Network is Online.ci-info: +-------+-------------+---------+-----------+-------+

[   10.221094] cloud-init[990]: Generating public/private rsa key pair.
[   10.222153] cloud-init[990]: Your identification has been saved in /etc/ssh/ssh_host_rsa_key.
[   10.223344] cloud-init[990]: Your public key has been saved in /etc/ssh/ssh_host_rsa_key.pub.
[   10.224562] cloud-init[990]: The key fingerprint is:
[   10.232628]          cloud-initStarting iSCSI initiator daemon (iscsid)...[990]: 
SHA256:XwEl6xQ88pwKh+Ab1xMzef/OFFvB8SQ+5+FXdj8xfZQ root@ubuntu-xenial
[[0;32m  OK  [0m] Listening on LXD - unix socket.
[[   10.234581] [0;32m  OK  [0mcloud-init] [990]: Listening on Socket activation for snappy daemon.The key's randomart image is:

[   10.252729] [cloud-init[0;32m  OK  [0m[990]: ] +---[RSA 2048]----+Reached target Sockets.

[   10.252882] [cloud-init[0;32m  OK  [0m[990]: ] |         o+.. o.=|Reached target Basic System.

[   10.253470] cloud-init[990]: |    .   * += . Eo|
[   10.260359]          cloud-initStarting Login Service...[990]: 
|   . . o Oo+. o+X|
[   10.261167] cloud-init[990]: |    o + +o+ ..o=X|
[   10.268313]          cloud-initStarting LSB: MD monitoring daemon...[990]: 
|     + oSo. .. *+|
[   10.268922]          cloud-initStarting LXD - container startup/shutdown...[990]: 
|    .   .. .  + o|
[[   10.269925] [0;32m  OK  [0mcloud-init] [990]: Started Regular background program processing daemon.|          .  +   |

[   10.271110]          cloud-initStarting System Logging Service...[990]: 
|              o  |
[   10.282924]          cloud-initStarting Pollinate to seed the pseudo random number generator...[990]: 
|                 |
         Starting LSB: Record successful boot for GRUB...
[[0;32m  OK  [0m] Started D-Bus System Message Bus.
[   10.284337] cloud-init[990]: +----[SHA256]-----+
[   10.300346] cloud-init[990]: Generating public/private dsa key pair.
[   10.308211] cloud-init[990]: Your identification has been saved in /etc/ssh/ssh_host_dsa_key.
[   10.316206] [cloud-init[0;32m  OK  [0m[990]: ] Your public key has been saved in /etc/ssh/ssh_host_dsa_key.pub.Started Deferred execution scheduler.

[   10.316315] cloud-init[990]: The key fingerprint is:
[   10.332219]          cloud-initStarting Virtualbox guest utils...[990]: 
SHA256:f+6er/ozC4cGv5x4w5wZ69yH9/L8VgdNXqrPgA23aLo root@ubuntu-xenial
[   10.333061]          cloud-initStarting /etc/rc.local Compatibility...[990]: 
The key's randomart image is:
[   10.340654] [cloud-init[0;32m  OK  [0m[990]: ] +---[DSA 1024]----+Started ACPI event daemon.

[   10.340839] cloud-init[990]: |                 |
[   10.348649] cloud-init[990]: |                o|
[   10.356353]          cloud-initStarting Snap Daemon...[990]: 
|               =.|
[   10.364194] [cloud-init[0;32m  OK  [0m[990]: ] |          . . o o|Started FUSE filesystem for LXC.

[   10.364323] cloud-init[990]: |        S  * o . |
[   10.372297]          cloud-initStarting Accounts Service...[990]: 
|         +=.=   o|
[   10.372865] [cloud-init[0;32m  OK  [0m[990]: ] |         =*=o=  o|Started System Logging Service.

[   10.372999] cloud-init[990]: |        .=OO+.*..|
[   10.384841] [cloud-init[0;32m  OK  [0m[990]: ] |        E+B*XO.=*|Started iSCSI initiator daemon (iscsid).

[   10.385102] cloud-init[990]: +----[SHA256]-----+
[   10.392560] [cloud-init[0;32m  OK  [0m[990]: ] Generating public/private ecdsa key pair.Started LXD - container startup/shutdown.

[   10.392680] cloud-init[990]: Your identification has been saved in /etc/ssh/ssh_host_ecdsa_key.
[   10.393932] [cloud-init[0;32m  OK  [0m[990]: ] Your public key has been saved in /etc/ssh/ssh_host_ecdsa_key.pub.Started /etc/rc.local Compatibility.

[   10.394067] cloud-init[990]: The key fingerprint is:
[   10.395478] cloud-init[990]: SHA256:onPAgucJfdO/pCqxRhIofDybVZdZ0ivErXszaV1YN0k root@ubuntu-xenial
[[0;32m  OK  [0m] Started Login Service.
[   10.400309] cloud-init[990]: The key's randomart image is:
[   10.408215] cloud-init[990]: +---[ECDSA 256]---+
[   10.408683] cloud-init[990]: |        ..*.  .E.|
[   10.416191] cloud-init[990]: |       . *.o   +.|
[   10.424225] [cloud-init[0;32m  OK  [0m[990]: ] |o .   . o . . o o|Started Unattended Upgrades Shutdown.

[   10.424369] cloud-init[990]: |++ = o   o . . . |
[   10.436591]          cloud-initStarting Authenticate and Authorize Users to Run Privileged Tasks...[990]: 
|+.= X o S o o .  |
[   10.438291]          cloud-initStarting Login to default iSCSI targets...[990]: 
|.+o* + o . * .   |
[   10.454995] [cloud-init[0;32m  OK  [0m[990]: ] | oooo . o o o    |Started LSB: MD monitoring daemon.

[   10.455370] cloud-init[990]: |  +  o o .       |
[   10.464248] [cloud-init[0;32m  OK  [0m[990]: ] | . .... .        |Started LSB: Record successful boot for GRUB.

[[0;32m  OK  [0m] Started Virtualbox guest utils.
[[0;32m  OK  [0m] Started Authenticate and Authorize Users to Run Privileged Tasks.
[[0;32m  OK  [0m] Started Accounts Service.
[   10.464427] cloud-init[990]: +----[SHA256]-----+
[   10.496729] cloud-init[990]: Generating public/private ed25519 key pair.
[   10.497443] cloud-init[990]: Your identification has been saved in /etc/ssh/ssh_host_ed25519_key.
[   10.498218] cloud-init[990]: Your public key has been saved in /etc/ssh/ssh_host_ed25519_key.pub.
[   10.499053] cloud-init[990]: The key fingerprint is:
[   10.504552] cloud-init[990]: SHA256:ZNT2LnCnqWcoLQW2Sn67LOJgP2YxAW39pHRZ2jffdOY root@ubuntu-xenial
[   10.505229] cloud-init[990]: The key's randomart image is:
[   10.512988] cloud-init[990]: +--[ED25519 256]--+
[   10.513545] cloud-init[990]: |  . .   +o       |
[   10.520353] cloud-init[990]: | . o o =o o      |
[   10.528465] cloud-init[990]: [|  o . =.oo +   .o|[0;32m  OK  [0m
] Started Login to default iSCSI targets.
[   10.528700] cloud-init[990]: |   . .o+. o = oo.|
[   10.548325] [cloud-init[0;32m  OK  [0m[990]: ] |    .. oSo = . .E|Reached target Remote File Systems (Pre).

[   10.548425] [cloud-init[0;32m  OK  [0m[990]: ] |   o. . . + .    |Reached target Remote File Systems.

[   10.556508] cloud-init[990]: |.. oo. o o .     |
[   10.557607] cloud-init[990]: |..o++.+ + o      |
[   10.572330]          cloud-initStarting LSB: Set the CPU Frequency Scaling governor to "ondemand"...[990]: 
| .+o.o+= o       |
[   10.580163]          cloud-initStarting Permit User Sessions...[990]: 
+----[SHA256]-----+
         Starting LSB: daemon to balance interrupts for SMP systems...
         Starting LSB: automatic crash report generation...
[[0;32m  OK  [0m] Started Snap Daemon.
[[0;32m  OK  [0m] Started Permit User Sessions.
         Starting Hold until boot process finishes up...
         Starting Terminate Plymouth Boot Screen...
         Starting Wait until snapd is fully seeded...
[[0;32m  OK  [0m] Started LSB: Set the CPU Frequency Scaling governor to "ondemand".
[[0;32m  OK  [0m] Started LSB: daemon to balance interrupts for SMP systems.
[[0;32m  OK  [0m] Started LSB: automatic crash report generation.
[[0;32m  OK  [0m] Started Hold until boot process finishes up.
[[0;32m  OK  [0m] Started Terminate Plymouth Boot Screen.
         Starting Set console scheme...
[[0;32m  OK  [0m] Started Getty on tty1.
[[0;32m  OK  [0m] Started Serial Getty on ttyS0.
[[0;32m  OK  [0m] Reached target Login Prompts.
[[0;32m  OK  [0m] Started Set console scheme.
[[0;32m  OK  [0m] Started Pollinate to seed the pseudo random number generator.
         Starting OpenBSD Secure Shell server...
[[0;32m  OK  [0m] Started OpenBSD Secure Shell server.
[[0;32m  OK  [0m] Started Wait until snapd is fully seeded.
         Starting Apply the settings specified in cloud-config...
[[0;32m  OK  [0m] Reached target Multi-User System.
[[0;32m  OK  [0m] Reached target Graphical Interface.
         Starting Update UTMP about System Runlevel Changes...
[[0;32m  OK  [0m] Started Update UTMP about System Runlevel Changes.
[   11.899766] cloud-init[1335]: Generating locales (this might take a while)...
[[0;32m  OK  [0m] Created slice User Slice of vagrant.
         Starting User Manager for UID 1000...
[[0;32m  OK  [0m] Started Session 1 of user vagrant.
[[0;32m  OK  [0m] Started User Manager for UID 1000.
[   12.320352] cloud-init[1335]:   en_US.UTF-8... done
[   12.328230] cloud-init[1335]: Generation complete.
[   12.508763] cloud-init[1335]: Cloud-init v. 21.1-19-gbad84ad4-0ubuntu1~16.04.2 running 'modules:config' at Fri, 09 Sep 2022 07:51:46 +0000. Up 11.84 seconds.
[[0;32m  OK  [0m] Started Apply the settings specified in cloud-config.
         Starting Execute cloud user/final scripts...
ci-info: no authorized SSH keys fingerprints found for user ubuntu.
<14>Sep  9 07:51:47 ec2: 
<14>Sep  9 07:51:47 ec2: #############################################################
<14>Sep  9 07:51:47 ec2: -----BEGIN SSH HOST KEY FINGERPRINTS-----
<14>Sep  9 07:51:47 ec2: 1024 SHA256:f+6er/ozC4cGv5x4w5wZ69yH9/L8VgdNXqrPgA23aLo root@ubuntu-xenial (DSA)
<14>Sep  9 07:51:47 ec2: 256 SHA256:onPAgucJfdO/pCqxRhIofDybVZdZ0ivErXszaV1YN0k root@ubuntu-xenial (ECDSA)
<14>Sep  9 07:51:47 ec2: 256 SHA256:ZNT2LnCnqWcoLQW2Sn67LOJgP2YxAW39pHRZ2jffdOY root@ubuntu-xenial (ED25519)
<14>Sep  9 07:51:47 ec2: 2048 SHA256:XwEl6xQ88pwKh+Ab1xMzef/OFFvB8SQ+5+FXdj8xfZQ root@ubuntu-xenial (RSA)
<14>Sep  9 07:51:47 ec2: -----END SSH HOST KEY FINGERPRINTS-----
<14>Sep  9 07:51:47 ec2: #############################################################
-----BEGIN SSH HOST KEY KEYS-----
ecdsa-sha2-nistp256 AAAAE2VjZHNhLXNoYTItbmlzdHAyNTYAAAAIbmlzdHAyNTYAAABBBLiQNuwUVm1RKSGWRTBJXqRmekLCk3+8UYudoSUEUWkMfuVPb/tDoQ+0dwF/Xyu+NX6VBrFSoY+yAKmA0pc3D2E= root@ubuntu-xenial
ssh-ed25519 AAAAC3NzaC1lZDI1NTE5AAAAIC7bvsku74/tjtYpIhXaOcEGAM/8rYbbtHRoM48fR+Ts root@ubuntu-xenial
ssh-rsa AAAAB3NzaC1yc2EAAAADAQABAAABAQDdewQ/55sTqTrzMaE+zf5jX1wlhkG5GqZ7zMGslt3jiPUUvYvGAQAaWQJqrEBLIODGhYhMCZ4I/ctzmR/YfFR7f7nS6ePHakrLFRGbYqCgS5fu4QxabEe0/zUI9HN/ZsD31S69eLFJKD5bc4Qjf4yesRjTNQ2knpYIXMsSOvObkPguXZrTt7gNaz0vnx1JSJD8H3VvKCnKjcqjCTCnYofUAfDj/lRKaxEBGI8+9i9VJSz+kWb+3Yryvqk/4VvBR3sHTNenpRd9kiXNGXBkFTZrSC4WIXBBV02GGfrrpu81/FYvspxhQG0dKr9pi/dW09FZeoURYPNv4jzgJASTbnTt root@ubuntu-xenial
-----END SSH HOST KEY KEYS-----
[   12.827144] cloud-init[1447]: Cloud-init v. 21.1-19-gbad84ad4-0ubuntu1~16.04.2 running 'modules:final' at Fri, 09 Sep 2022 07:51:47 +0000. Up 12.73 seconds.
[   12.828607] cloud-init[1447]: ci-info: no authorized SSH keys fingerprints found for user ubuntu.
[   12.829665] cloud-init[1447]: Cloud-init v. 21.1-19-gbad84ad4-0ubuntu1~16.04.2 finished at Fri, 09 Sep 2022 07:51:47 +0000. Datasource DataSourceNoCloud [seed=/dev/sdb][dsmode=net].  Up 12.82 seconds
[[0;32m  OK  [0m] Started Execute cloud user/final scripts.
[[0;32m  OK  [0m] Reached target Cloud-init target.

Ubuntu 16.04.7 LTS ubuntu-xenial ttyS0

ubuntu-xenial login: 